CRITICAL - 2021-09-06 12:55:06 --> Invalid file: index.php
#0 C:\xampp\htdocs\syifa_hidroponik\vendor\codeigniter4\framework\system\View\View.php(203): CodeIgniter\Exceptions\FrameworkException::forInvalidFile('index.php')
#1 C:\xampp\htdocs\syifa_hidroponik\vendor\codeigniter4\framework\system\Common.php(1217): CodeIgniter\View\View->render('index', Array, true)
#2 C:\xampp\htdocs\syifa_hidroponik\app\Controllers\Home.php(9): view('index')
#3 C:\xampp\htdocs\syifa_hidroponik\vendor\codeigniter4\framework\system\CodeIgniter.php(935): App\Controllers\Home->index()
#4 C:\xampp\htdocs\syifa_hidroponik\vendor\codeigniter4\framework\system\CodeIgniter.php(431): CodeIgniter\CodeIgniter->runController(Object(App\Controllers\Home))
#5 C:\xampp\htdocs\syifa_hidroponik\vendor\codeigniter4\framework\system\CodeIgniter.php(332): CodeIgniter\CodeIgniter->handleRequest(NULL, Object(Config\Cache), false)
#6 C:\xampp\htdocs\syifa_hidroponik\public\index.php(44): CodeIgniter\CodeIgniter->run()
#7 C:\xampp\htdocs\syifa_hidroponik\vendor\codeigniter4\framework\system\Commands\Server\rewrite.php(45): require_once('C:\\xampp\\htdocs...')
#8 {main}
CRITICAL - 2021-09-06 12:55:19 --> Invalid file: home/index.php
#0 C:\xampp\htdocs\syifa_hidroponik\vendor\codeigniter4\framework\system\View\View.php(203): CodeIgniter\Exceptions\FrameworkException::forInvalidFile('home/index.php')
#1 C:\xampp\htdocs\syifa_hidroponik\vendor\codeigniter4\framework\system\Common.php(1217): CodeIgniter\View\View->render('home/index', Array, true)
#2 C:\xampp\htdocs\syifa_hidroponik\app\Controllers\Home.php(9): view('home/index')
#3 C:\xampp\htdocs\syifa_hidroponik\vendor\codeigniter4\framework\system\CodeIgniter.php(935): App\Controllers\Home->index()
#4 C:\xampp\htdocs\syifa_hidroponik\vendor\codeigniter4\framework\system\CodeIgniter.php(431): CodeIgniter\CodeIgniter->runController(Object(App\Controllers\Home))
#5 C:\xampp\htdocs\syifa_hidroponik\vendor\codeigniter4\framework\system\CodeIgniter.php(332): CodeIgniter\CodeIgniter->handleRequest(NULL, Object(Config\Cache), false)
#6 C:\xampp\htdocs\syifa_hidroponik\public\index.php(44): CodeIgniter\CodeIgniter->run()
#7 C:\xampp\htdocs\syifa_hidroponik\vendor\codeigniter4\framework\system\Commands\Server\rewrite.php(45): require_once('C:\\xampp\\htdocs...')
#8 {main}
CRITICAL - 2021-09-06 12:55:27 --> Invalid file: /home/index.php
#0 C:\xampp\htdocs\syifa_hidroponik\vendor\codeigniter4\framework\system\View\View.php(203): CodeIgniter\Exceptions\FrameworkException::forInvalidFile('/home/index.php')
#1 C:\xampp\htdocs\syifa_hidroponik\vendor\codeigniter4\framework\system\Common.php(1217): CodeIgniter\View\View->render('/home/index', Array, true)
#2 C:\xampp\htdocs\syifa_hidroponik\app\Controllers\Home.php(9): view('/home/index')
#3 C:\xampp\htdocs\syifa_hidroponik\vendor\codeigniter4\framework\system\CodeIgniter.php(935): App\Controllers\Home->index()
#4 C:\xampp\htdocs\syifa_hidroponik\vendor\codeigniter4\framework\system\CodeIgniter.php(431): CodeIgniter\CodeIgniter->runController(Object(App\Controllers\Home))
#5 C:\xampp\htdocs\syifa_hidroponik\vendor\codeigniter4\framework\system\CodeIgniter.php(332): CodeIgniter\CodeIgniter->handleRequest(NULL, Object(Config\Cache), false)
#6 C:\xampp\htdocs\syifa_hidroponik\public\index.php(44): CodeIgniter\CodeIgniter->run()
#7 C:\xampp\htdocs\syifa_hidroponik\vendor\codeigniter4\framework\system\Commands\Server\rewrite.php(45): require_once('C:\\xampp\\htdocs...')
#8 {main}
