CRITICAL - 2021-09-13 20:43:36 --> Call to undefined method App\Models\AdminModel::cekloginuser
#0 C:\xampp\htdocs\syifa_hidroponik\app\Controllers\Admin.php(38): CodeIgniter\Model->__call('cekloginuser', Array)
#1 C:\xampp\htdocs\syifa_hidroponik\vendor\codeigniter4\framework\system\CodeIgniter.php(873): App\Controllers\Admin->ceklogin()
#2 C:\xampp\htdocs\syifa_hidroponik\vendor\codeigniter4\framework\system\CodeIgniter.php(408): CodeIgniter\CodeIgniter->runController(Object(App\Controllers\Admin))
#3 C:\xampp\htdocs\syifa_hidroponik\vendor\codeigniter4\framework\system\CodeIgniter.php(319): CodeIgniter\CodeIgniter->handleRequest(NULL, Object(Config\Cache), false)
#4 C:\xampp\htdocs\syifa_hidroponik\public\index.php(44): CodeIgniter\CodeIgniter->run()
#5 C:\xampp\htdocs\syifa_hidroponik\vendor\codeigniter4\framework\system\Commands\Server\rewrite.php(45): require_once('C:\\xampp\\htdocs...')
#6 {main}
CRITICAL - 2021-09-13 21:13:12 --> session_destroy(): Trying to destroy uninitialized session
#0 [internal function]: CodeIgniter\Debug\Exceptions->errorHandler(2, 'session_destroy...', 'C:\\xampp\\htdocs...', 54, Array)
#1 C:\xampp\htdocs\syifa_hidroponik\app\Controllers\Admin.php(54): session_destroy()
#2 C:\xampp\htdocs\syifa_hidroponik\vendor\codeigniter4\framework\system\CodeIgniter.php(873): App\Controllers\Admin->logout()
#3 C:\xampp\htdocs\syifa_hidroponik\vendor\codeigniter4\framework\system\CodeIgniter.php(408): CodeIgniter\CodeIgniter->runController(Object(App\Controllers\Admin))
#4 C:\xampp\htdocs\syifa_hidroponik\vendor\codeigniter4\framework\system\CodeIgniter.php(319): CodeIgniter\CodeIgniter->handleRequest(NULL, Object(Config\Cache), false)
#5 C:\xampp\htdocs\syifa_hidroponik\public\index.php(44): CodeIgniter\CodeIgniter->run()
#6 C:\xampp\htdocs\syifa_hidroponik\vendor\codeigniter4\framework\system\Commands\Server\rewrite.php(45): require_once('C:\\xampp\\htdocs...')
#7 {main}
CRITICAL - 2021-09-13 21:38:25 --> Class Home does not exist
#0 C:\xampp\htdocs\syifa_hidroponik\vendor\codeigniter4\framework\system\Debug\Toolbar\Collectors\Routes.php(82): ReflectionMethod->__construct('Home', '_remap')
#1 C:\xampp\htdocs\syifa_hidroponik\vendor\codeigniter4\framework\system\Debug\Toolbar\Collectors\BaseCollector.php(275): CodeIgniter\Debug\Toolbar\Collectors\Routes->display()
#2 C:\xampp\htdocs\syifa_hidroponik\vendor\codeigniter4\framework\system\Debug\Toolbar.php(101): CodeIgniter\Debug\Toolbar\Collectors\BaseCollector->getAsArray()
#3 C:\xampp\htdocs\syifa_hidroponik\vendor\codeigniter4\framework\system\Debug\Toolbar.php(317): CodeIgniter\Debug\Toolbar->run(1631587105.8985, 0.0322, Object(CodeIgniter\HTTP\IncomingRequest), Object(CodeIgniter\HTTP\Response))
#4 C:\xampp\htdocs\syifa_hidroponik\vendor\codeigniter4\framework\system\Filters\DebugToolbar.php(51): CodeIgniter\Debug\Toolbar->prepare(Object(CodeIgniter\HTTP\IncomingRequest), Object(CodeIgniter\HTTP\Response))
#5 C:\xampp\htdocs\syifa_hidroponik\vendor\codeigniter4\framework\system\Filters\Filters.php(207): CodeIgniter\Filters\DebugToolbar->after(Object(CodeIgniter\HTTP\IncomingRequest), Object(CodeIgniter\HTTP\Response), NULL)
#6 C:\xampp\htdocs\syifa_hidroponik\vendor\codeigniter4\framework\system\CodeIgniter.php(423): CodeIgniter\Filters\Filters->run('', 'after')
#7 C:\xampp\htdocs\syifa_hidroponik\vendor\codeigniter4\framework\system\CodeIgniter.php(319): CodeIgniter\CodeIgniter->handleRequest(NULL, Object(Config\Cache), false)
#8 C:\xampp\htdocs\syifa_hidroponik\public\index.php(44): CodeIgniter\CodeIgniter->run()
#9 {main}
