CRITICAL - 2022-01-20 09:49:51 --> array_sum() expects parameter 1 to be array, float given
#0 [internal function]: CodeIgniter\Debug\Exceptions->errorHandler(2, 'array_sum() exp...', 'C:\\xampp\\htdocs...', 48, Array)
#1 C:\xampp\htdocs\syifa_hidroponik\app\Views\home\detail-order.php(48): array_sum(15000)
#2 C:\xampp\htdocs\syifa_hidroponik\vendor\codeigniter4\framework\system\View\View.php(220): include('C:\\xampp\\htdocs...')
#3 C:\xampp\htdocs\syifa_hidroponik\vendor\codeigniter4\framework\system\View\View.php(222): CodeIgniter\View\View->CodeIgniter\View\{closure}()
#4 C:\xampp\htdocs\syifa_hidroponik\vendor\codeigniter4\framework\system\Common.php(1217): CodeIgniter\View\View->render('/home/detail-or...', Array, true)
#5 C:\xampp\htdocs\syifa_hidroponik\app\Controllers\Cart.php(69): view('/home/detail-or...', Array)
#6 C:\xampp\htdocs\syifa_hidroponik\vendor\codeigniter4\framework\system\CodeIgniter.php(873): App\Controllers\Cart->detailorder()
#7 C:\xampp\htdocs\syifa_hidroponik\vendor\codeigniter4\framework\system\CodeIgniter.php(408): CodeIgniter\CodeIgniter->runController(Object(App\Controllers\Cart))
#8 C:\xampp\htdocs\syifa_hidroponik\vendor\codeigniter4\framework\system\CodeIgniter.php(319): CodeIgniter\CodeIgniter->handleRequest(NULL, Object(Config\Cache), false)
#9 C:\xampp\htdocs\syifa_hidroponik\public\index.php(44): CodeIgniter\CodeIgniter->run()
#10 C:\xampp\htdocs\syifa_hidroponik\vendor\codeigniter4\framework\system\Commands\Server\rewrite.php(45): require_once('C:\\xampp\\htdocs...')
#11 {main}
CRITICAL - 2022-01-20 09:51:08 --> syntax error, unexpected '?>', expecting ',' or ')'
#0 C:\xampp\htdocs\syifa_hidroponik\vendor\codeigniter4\framework\system\View\View.php(222): CodeIgniter\View\View->CodeIgniter\View\{closure}()
#1 C:\xampp\htdocs\syifa_hidroponik\vendor\codeigniter4\framework\system\Common.php(1217): CodeIgniter\View\View->render('/home/detail-or...', Array, true)
#2 C:\xampp\htdocs\syifa_hidroponik\app\Controllers\Cart.php(69): view('/home/detail-or...', Array)
#3 C:\xampp\htdocs\syifa_hidroponik\vendor\codeigniter4\framework\system\CodeIgniter.php(873): App\Controllers\Cart->detailorder()
#4 C:\xampp\htdocs\syifa_hidroponik\vendor\codeigniter4\framework\system\CodeIgniter.php(408): CodeIgniter\CodeIgniter->runController(Object(App\Controllers\Cart))
#5 C:\xampp\htdocs\syifa_hidroponik\vendor\codeigniter4\framework\system\CodeIgniter.php(319): CodeIgniter\CodeIgniter->handleRequest(NULL, Object(Config\Cache), false)
#6 C:\xampp\htdocs\syifa_hidroponik\public\index.php(44): CodeIgniter\CodeIgniter->run()
#7 C:\xampp\htdocs\syifa_hidroponik\vendor\codeigniter4\framework\system\Commands\Server\rewrite.php(45): require_once('C:\\xampp\\htdocs...')
#8 {main}
CRITICAL - 2022-01-20 09:51:21 --> Too few arguments to function number_to_currency(), 1 passed in C:\xampp\htdocs\syifa_hidroponik\app\Views\home\detail-order.php on line 48 and at least 2 expected
#0 C:\xampp\htdocs\syifa_hidroponik\app\Views\home\detail-order.php(48): number_to_currency(15000)
#1 C:\xampp\htdocs\syifa_hidroponik\vendor\codeigniter4\framework\system\View\View.php(220): include('C:\\xampp\\htdocs...')
#2 C:\xampp\htdocs\syifa_hidroponik\vendor\codeigniter4\framework\system\View\View.php(222): CodeIgniter\View\View->CodeIgniter\View\{closure}()
#3 C:\xampp\htdocs\syifa_hidroponik\vendor\codeigniter4\framework\system\Common.php(1217): CodeIgniter\View\View->render('/home/detail-or...', Array, true)
#4 C:\xampp\htdocs\syifa_hidroponik\app\Controllers\Cart.php(69): view('/home/detail-or...', Array)
#5 C:\xampp\htdocs\syifa_hidroponik\vendor\codeigniter4\framework\system\CodeIgniter.php(873): App\Controllers\Cart->detailorder()
#6 C:\xampp\htdocs\syifa_hidroponik\vendor\codeigniter4\framework\system\CodeIgniter.php(408): CodeIgniter\CodeIgniter->runController(Object(App\Controllers\Cart))
#7 C:\xampp\htdocs\syifa_hidroponik\vendor\codeigniter4\framework\system\CodeIgniter.php(319): CodeIgniter\CodeIgniter->handleRequest(NULL, Object(Config\Cache), false)
#8 C:\xampp\htdocs\syifa_hidroponik\public\index.php(44): CodeIgniter\CodeIgniter->run()
#9 C:\xampp\htdocs\syifa_hidroponik\vendor\codeigniter4\framework\system\Commands\Server\rewrite.php(45): require_once('C:\\xampp\\htdocs...')
#10 {main}
CRITICAL - 2022-01-20 09:52:18 --> Call to undefined function sum()
#0 C:\xampp\htdocs\syifa_hidroponik\vendor\codeigniter4\framework\system\View\View.php(220): include()
#1 C:\xampp\htdocs\syifa_hidroponik\vendor\codeigniter4\framework\system\View\View.php(222): CodeIgniter\View\View->CodeIgniter\View\{closure}()
#2 C:\xampp\htdocs\syifa_hidroponik\vendor\codeigniter4\framework\system\Common.php(1217): CodeIgniter\View\View->render('/home/detail-or...', Array, true)
#3 C:\xampp\htdocs\syifa_hidroponik\app\Controllers\Cart.php(69): view('/home/detail-or...', Array)
#4 C:\xampp\htdocs\syifa_hidroponik\vendor\codeigniter4\framework\system\CodeIgniter.php(873): App\Controllers\Cart->detailorder()
#5 C:\xampp\htdocs\syifa_hidroponik\vendor\codeigniter4\framework\system\CodeIgniter.php(408): CodeIgniter\CodeIgniter->runController(Object(App\Controllers\Cart))
#6 C:\xampp\htdocs\syifa_hidroponik\vendor\codeigniter4\framework\system\CodeIgniter.php(319): CodeIgniter\CodeIgniter->handleRequest(NULL, Object(Config\Cache), false)
#7 C:\xampp\htdocs\syifa_hidroponik\public\index.php(44): CodeIgniter\CodeIgniter->run()
#8 C:\xampp\htdocs\syifa_hidroponik\vendor\codeigniter4\framework\system\Commands\Server\rewrite.php(45): require_once('C:\\xampp\\htdocs...')
#9 {main}
CRITICAL - 2022-01-20 09:52:37 --> array_sum() expects parameter 1 to be array, float given
#0 [internal function]: CodeIgniter\Debug\Exceptions->errorHandler(2, 'array_sum() exp...', 'C:\\xampp\\htdocs...', 48, Array)
#1 C:\xampp\htdocs\syifa_hidroponik\app\Views\home\detail-order.php(48): array_sum(15000)
#2 C:\xampp\htdocs\syifa_hidroponik\vendor\codeigniter4\framework\system\View\View.php(220): include('C:\\xampp\\htdocs...')
#3 C:\xampp\htdocs\syifa_hidroponik\vendor\codeigniter4\framework\system\View\View.php(222): CodeIgniter\View\View->CodeIgniter\View\{closure}()
#4 C:\xampp\htdocs\syifa_hidroponik\vendor\codeigniter4\framework\system\Common.php(1217): CodeIgniter\View\View->render('/home/detail-or...', Array, true)
#5 C:\xampp\htdocs\syifa_hidroponik\app\Controllers\Cart.php(69): view('/home/detail-or...', Array)
#6 C:\xampp\htdocs\syifa_hidroponik\vendor\codeigniter4\framework\system\CodeIgniter.php(873): App\Controllers\Cart->detailorder()
#7 C:\xampp\htdocs\syifa_hidroponik\vendor\codeigniter4\framework\system\CodeIgniter.php(408): CodeIgniter\CodeIgniter->runController(Object(App\Controllers\Cart))
#8 C:\xampp\htdocs\syifa_hidroponik\vendor\codeigniter4\framework\system\CodeIgniter.php(319): CodeIgniter\CodeIgniter->handleRequest(NULL, Object(Config\Cache), false)
#9 C:\xampp\htdocs\syifa_hidroponik\public\index.php(44): CodeIgniter\CodeIgniter->run()
#10 C:\xampp\htdocs\syifa_hidroponik\vendor\codeigniter4\framework\system\Commands\Server\rewrite.php(45): require_once('C:\\xampp\\htdocs...')
#11 {main}
CRITICAL - 2022-01-20 09:56:45 --> syntax error, unexpected 'echo' (T_ECHO)
#0 C:\xampp\htdocs\syifa_hidroponik\vendor\codeigniter4\framework\system\View\View.php(222): CodeIgniter\View\View->CodeIgniter\View\{closure}()
#1 C:\xampp\htdocs\syifa_hidroponik\vendor\codeigniter4\framework\system\Common.php(1217): CodeIgniter\View\View->render('/home/detail-or...', Array, true)
#2 C:\xampp\htdocs\syifa_hidroponik\app\Controllers\Cart.php(69): view('/home/detail-or...', Array)
#3 C:\xampp\htdocs\syifa_hidroponik\vendor\codeigniter4\framework\system\CodeIgniter.php(873): App\Controllers\Cart->detailorder()
#4 C:\xampp\htdocs\syifa_hidroponik\vendor\codeigniter4\framework\system\CodeIgniter.php(408): CodeIgniter\CodeIgniter->runController(Object(App\Controllers\Cart))
#5 C:\xampp\htdocs\syifa_hidroponik\vendor\codeigniter4\framework\system\CodeIgniter.php(319): CodeIgniter\CodeIgniter->handleRequest(NULL, Object(Config\Cache), false)
#6 C:\xampp\htdocs\syifa_hidroponik\public\index.php(44): CodeIgniter\CodeIgniter->run()
#7 C:\xampp\htdocs\syifa_hidroponik\vendor\codeigniter4\framework\system\Commands\Server\rewrite.php(45): require_once('C:\\xampp\\htdocs...')
#8 {main}
CRITICAL - 2022-01-20 09:57:00 --> syntax error, unexpected end of file
#0 C:\xampp\htdocs\syifa_hidroponik\vendor\codeigniter4\framework\system\View\View.php(222): CodeIgniter\View\View->CodeIgniter\View\{closure}()
#1 C:\xampp\htdocs\syifa_hidroponik\vendor\codeigniter4\framework\system\Common.php(1217): CodeIgniter\View\View->render('/home/detail-or...', Array, true)
#2 C:\xampp\htdocs\syifa_hidroponik\app\Controllers\Cart.php(69): view('/home/detail-or...', Array)
#3 C:\xampp\htdocs\syifa_hidroponik\vendor\codeigniter4\framework\system\CodeIgniter.php(873): App\Controllers\Cart->detailorder()
#4 C:\xampp\htdocs\syifa_hidroponik\vendor\codeigniter4\framework\system\CodeIgniter.php(408): CodeIgniter\CodeIgniter->runController(Object(App\Controllers\Cart))
#5 C:\xampp\htdocs\syifa_hidroponik\vendor\codeigniter4\framework\system\CodeIgniter.php(319): CodeIgniter\CodeIgniter->handleRequest(NULL, Object(Config\Cache), false)
#6 C:\xampp\htdocs\syifa_hidroponik\public\index.php(44): CodeIgniter\CodeIgniter->run()
#7 C:\xampp\htdocs\syifa_hidroponik\vendor\codeigniter4\framework\system\Commands\Server\rewrite.php(45): require_once('C:\\xampp\\htdocs...')
#8 {main}
