CRITICAL - 2022-02-10 10:03:47 --> Undefined index: payment
#0 C:\xampp\htdocs\syifa_hidroponik\app\Views\admin\transaksi-admin.php(66): CodeIgniter\Debug\Exceptions->errorHandler(8, 'Undefined index...', 'C:\\xampp\\htdocs...', 66, Array)
#1 C:\xampp\htdocs\syifa_hidroponik\vendor\codeigniter4\framework\system\View\View.php(220): include('C:\\xampp\\htdocs...')
#2 C:\xampp\htdocs\syifa_hidroponik\vendor\codeigniter4\framework\system\View\View.php(222): CodeIgniter\View\View->CodeIgniter\View\{closure}()
#3 C:\xampp\htdocs\syifa_hidroponik\vendor\codeigniter4\framework\system\Common.php(1217): CodeIgniter\View\View->render('/admin/transaks...', Array, true)
#4 C:\xampp\htdocs\syifa_hidroponik\app\Controllers\Admin.php(379): view('/admin/transaks...', Array)
#5 C:\xampp\htdocs\syifa_hidroponik\vendor\codeigniter4\framework\system\CodeIgniter.php(873): App\Controllers\Admin->transaksiadmin()
#6 C:\xampp\htdocs\syifa_hidroponik\vendor\codeigniter4\framework\system\CodeIgniter.php(408): CodeIgniter\CodeIgniter->runController(Object(App\Controllers\Admin))
#7 C:\xampp\htdocs\syifa_hidroponik\vendor\codeigniter4\framework\system\CodeIgniter.php(319): CodeIgniter\CodeIgniter->handleRequest(NULL, Object(Config\Cache), false)
#8 C:\xampp\htdocs\syifa_hidroponik\public\index.php(44): CodeIgniter\CodeIgniter->run()
#9 C:\xampp\htdocs\syifa_hidroponik\vendor\codeigniter4\framework\system\Commands\Server\rewrite.php(45): require_once('C:\\xampp\\htdocs...')
#10 {main}
ERROR - 2022-02-10 19:46:40 --> mysqli_sql_exception: Table 'syifa_hidroponik.blogpost' doesn't exist in C:\xampp\htdocs\syifa_hidroponik\vendor\codeigniter4\framework\system\Database\MySQLi\Connection.php:314
Stack trace:
#0 C:\xampp\htdocs\syifa_hidroponik\vendor\codeigniter4\framework\system\Database\MySQLi\Connection.php(314): mysqli->query('SELECT *\nFROM `...')
#1 C:\xampp\htdocs\syifa_hidroponik\vendor\codeigniter4\framework\system\Database\BaseConnection.php(715): CodeIgniter\Database\MySQLi\Connection->execute('SELECT *\nFROM `...')
#2 C:\xampp\htdocs\syifa_hidroponik\vendor\codeigniter4\framework\system\Database\BaseConnection.php(643): CodeIgniter\Database\BaseConnection->simpleQuery('SELECT *\nFROM `...')
#3 C:\xampp\htdocs\syifa_hidroponik\vendor\codeigniter4\framework\system\Database\BaseBuilder.php(1866): CodeIgniter\Database\BaseConnection->query('SELECT *\nFROM `...', Array, false)
#4 C:\xampp\htdocs\syifa_hidroponik\vendor\codeigniter4\framework\system\Model.php(213): CodeIgniter\Database\BaseBuilder->get()
#5 C:\xampp\htdocs\syifa_hidroponik\vendor\codeigniter4\framework\system\BaseModel.php(583): CodeIgniter\Model->doFindAll(3, 0)
#6 C:\xampp\htdocs\syifa_hidroponik\app\Models\BlogpostModel.php(23): CodeIgniter\BaseModel->findAll(3)
#7 C:\xampp\htdocs\syifa_hidroponik\app\Controllers\Home.php(32): App\Models\BlogpostModel->getBlogpost3()
#8 C:\xampp\htdocs\syifa_hidroponik\vendor\codeigniter4\framework\system\CodeIgniter.php(873): App\Controllers\Home->index()
#9 C:\xampp\htdocs\syifa_hidroponik\vendor\codeigniter4\framework\system\CodeIgniter.php(408): CodeIgniter\CodeIgniter->runController(Object(App\Controllers\Home))
#10 C:\xampp\htdocs\syifa_hidroponik\vendor\codeigniter4\framework\system\CodeIgniter.php(319): CodeIgniter\CodeIgniter->handleRequest(NULL, Object(Config\Cache), false)
#11 C:\xampp\htdocs\syifa_hidroponik\public\index.php(44): CodeIgniter\CodeIgniter->run()
#12 C:\xampp\htdocs\syifa_hidroponik\vendor\codeigniter4\framework\system\Commands\Server\rewrite.php(45): require_once('C:\\xampp\\htdocs...')
#13 {main}
CRITICAL - 2022-02-10 19:46:40 --> Table 'syifa_hidroponik.blogpost' doesn't exist
#0 C:\xampp\htdocs\syifa_hidroponik\vendor\codeigniter4\framework\system\Database\MySQLi\Connection.php(314): mysqli->query('SELECT *\nFROM `...')
#1 C:\xampp\htdocs\syifa_hidroponik\vendor\codeigniter4\framework\system\Database\BaseConnection.php(715): CodeIgniter\Database\MySQLi\Connection->execute('SELECT *\nFROM `...')
#2 C:\xampp\htdocs\syifa_hidroponik\vendor\codeigniter4\framework\system\Database\BaseConnection.php(643): CodeIgniter\Database\BaseConnection->simpleQuery('SELECT *\nFROM `...')
#3 C:\xampp\htdocs\syifa_hidroponik\vendor\codeigniter4\framework\system\Database\BaseBuilder.php(1866): CodeIgniter\Database\BaseConnection->query('SELECT *\nFROM `...', Array, false)
#4 C:\xampp\htdocs\syifa_hidroponik\vendor\codeigniter4\framework\system\Model.php(213): CodeIgniter\Database\BaseBuilder->get()
#5 C:\xampp\htdocs\syifa_hidroponik\vendor\codeigniter4\framework\system\BaseModel.php(583): CodeIgniter\Model->doFindAll(3, 0)
#6 C:\xampp\htdocs\syifa_hidroponik\app\Models\BlogpostModel.php(23): CodeIgniter\BaseModel->findAll(3)
#7 C:\xampp\htdocs\syifa_hidroponik\app\Controllers\Home.php(32): App\Models\BlogpostModel->getBlogpost3()
#8 C:\xampp\htdocs\syifa_hidroponik\vendor\codeigniter4\framework\system\CodeIgniter.php(873): App\Controllers\Home->index()
#9 C:\xampp\htdocs\syifa_hidroponik\vendor\codeigniter4\framework\system\CodeIgniter.php(408): CodeIgniter\CodeIgniter->runController(Object(App\Controllers\Home))
#10 C:\xampp\htdocs\syifa_hidroponik\vendor\codeigniter4\framework\system\CodeIgniter.php(319): CodeIgniter\CodeIgniter->handleRequest(NULL, Object(Config\Cache), false)
#11 C:\xampp\htdocs\syifa_hidroponik\public\index.php(44): CodeIgniter\CodeIgniter->run()
#12 C:\xampp\htdocs\syifa_hidroponik\vendor\codeigniter4\framework\system\Commands\Server\rewrite.php(45): require_once('C:\\xampp\\htdocs...')
#13 {main}
ERROR - 2022-02-10 19:46:43 --> mysqli_sql_exception: Table 'syifa_hidroponik.blogpost' doesn't exist in C:\xampp\htdocs\syifa_hidroponik\vendor\codeigniter4\framework\system\Database\MySQLi\Connection.php:314
Stack trace:
#0 C:\xampp\htdocs\syifa_hidroponik\vendor\codeigniter4\framework\system\Database\MySQLi\Connection.php(314): mysqli->query('SELECT *\nFROM `...')
#1 C:\xampp\htdocs\syifa_hidroponik\vendor\codeigniter4\framework\system\Database\BaseConnection.php(715): CodeIgniter\Database\MySQLi\Connection->execute('SELECT *\nFROM `...')
#2 C:\xampp\htdocs\syifa_hidroponik\vendor\codeigniter4\framework\system\Database\BaseConnection.php(643): CodeIgniter\Database\BaseConnection->simpleQuery('SELECT *\nFROM `...')
#3 C:\xampp\htdocs\syifa_hidroponik\vendor\codeigniter4\framework\system\Database\BaseBuilder.php(1866): CodeIgniter\Database\BaseConnection->query('SELECT *\nFROM `...', Array, false)
#4 C:\xampp\htdocs\syifa_hidroponik\vendor\codeigniter4\framework\system\Model.php(213): CodeIgniter\Database\BaseBuilder->get()
#5 C:\xampp\htdocs\syifa_hidroponik\vendor\codeigniter4\framework\system\BaseModel.php(583): CodeIgniter\Model->doFindAll(3, 0)
#6 C:\xampp\htdocs\syifa_hidroponik\app\Models\BlogpostModel.php(23): CodeIgniter\BaseModel->findAll(3)
#7 C:\xampp\htdocs\syifa_hidroponik\app\Controllers\Home.php(32): App\Models\BlogpostModel->getBlogpost3()
#8 C:\xampp\htdocs\syifa_hidroponik\vendor\codeigniter4\framework\system\CodeIgniter.php(873): App\Controllers\Home->index()
#9 C:\xampp\htdocs\syifa_hidroponik\vendor\codeigniter4\framework\system\CodeIgniter.php(408): CodeIgniter\CodeIgniter->runController(Object(App\Controllers\Home))
#10 C:\xampp\htdocs\syifa_hidroponik\vendor\codeigniter4\framework\system\CodeIgniter.php(319): CodeIgniter\CodeIgniter->handleRequest(NULL, Object(Config\Cache), false)
#11 C:\xampp\htdocs\syifa_hidroponik\public\index.php(44): CodeIgniter\CodeIgniter->run()
#12 C:\xampp\htdocs\syifa_hidroponik\vendor\codeigniter4\framework\system\Commands\Server\rewrite.php(45): require_once('C:\\xampp\\htdocs...')
#13 {main}
CRITICAL - 2022-02-10 19:46:43 --> Table 'syifa_hidroponik.blogpost' doesn't exist
#0 C:\xampp\htdocs\syifa_hidroponik\vendor\codeigniter4\framework\system\Database\MySQLi\Connection.php(314): mysqli->query('SELECT *\nFROM `...')
#1 C:\xampp\htdocs\syifa_hidroponik\vendor\codeigniter4\framework\system\Database\BaseConnection.php(715): CodeIgniter\Database\MySQLi\Connection->execute('SELECT *\nFROM `...')
#2 C:\xampp\htdocs\syifa_hidroponik\vendor\codeigniter4\framework\system\Database\BaseConnection.php(643): CodeIgniter\Database\BaseConnection->simpleQuery('SELECT *\nFROM `...')
#3 C:\xampp\htdocs\syifa_hidroponik\vendor\codeigniter4\framework\system\Database\BaseBuilder.php(1866): CodeIgniter\Database\BaseConnection->query('SELECT *\nFROM `...', Array, false)
#4 C:\xampp\htdocs\syifa_hidroponik\vendor\codeigniter4\framework\system\Model.php(213): CodeIgniter\Database\BaseBuilder->get()
#5 C:\xampp\htdocs\syifa_hidroponik\vendor\codeigniter4\framework\system\BaseModel.php(583): CodeIgniter\Model->doFindAll(3, 0)
#6 C:\xampp\htdocs\syifa_hidroponik\app\Models\BlogpostModel.php(23): CodeIgniter\BaseModel->findAll(3)
#7 C:\xampp\htdocs\syifa_hidroponik\app\Controllers\Home.php(32): App\Models\BlogpostModel->getBlogpost3()
#8 C:\xampp\htdocs\syifa_hidroponik\vendor\codeigniter4\framework\system\CodeIgniter.php(873): App\Controllers\Home->index()
#9 C:\xampp\htdocs\syifa_hidroponik\vendor\codeigniter4\framework\system\CodeIgniter.php(408): CodeIgniter\CodeIgniter->runController(Object(App\Controllers\Home))
#10 C:\xampp\htdocs\syifa_hidroponik\vendor\codeigniter4\framework\system\CodeIgniter.php(319): CodeIgniter\CodeIgniter->handleRequest(NULL, Object(Config\Cache), false)
#11 C:\xampp\htdocs\syifa_hidroponik\public\index.php(44): CodeIgniter\CodeIgniter->run()
#12 C:\xampp\htdocs\syifa_hidroponik\vendor\codeigniter4\framework\system\Commands\Server\rewrite.php(45): require_once('C:\\xampp\\htdocs...')
#13 {main}
ERROR - 2022-02-10 19:46:46 --> mysqli_sql_exception: Table 'syifa_hidroponik.blogpost' doesn't exist in C:\xampp\htdocs\syifa_hidroponik\vendor\codeigniter4\framework\system\Database\MySQLi\Connection.php:314
Stack trace:
#0 C:\xampp\htdocs\syifa_hidroponik\vendor\codeigniter4\framework\system\Database\MySQLi\Connection.php(314): mysqli->query('SELECT *\nFROM `...')
#1 C:\xampp\htdocs\syifa_hidroponik\vendor\codeigniter4\framework\system\Database\BaseConnection.php(715): CodeIgniter\Database\MySQLi\Connection->execute('SELECT *\nFROM `...')
#2 C:\xampp\htdocs\syifa_hidroponik\vendor\codeigniter4\framework\system\Database\BaseConnection.php(643): CodeIgniter\Database\BaseConnection->simpleQuery('SELECT *\nFROM `...')
#3 C:\xampp\htdocs\syifa_hidroponik\vendor\codeigniter4\framework\system\Database\BaseBuilder.php(1866): CodeIgniter\Database\BaseConnection->query('SELECT *\nFROM `...', Array, false)
#4 C:\xampp\htdocs\syifa_hidroponik\vendor\codeigniter4\framework\system\Model.php(213): CodeIgniter\Database\BaseBuilder->get()
#5 C:\xampp\htdocs\syifa_hidroponik\vendor\codeigniter4\framework\system\BaseModel.php(583): CodeIgniter\Model->doFindAll(3, 0)
#6 C:\xampp\htdocs\syifa_hidroponik\app\Models\BlogpostModel.php(23): CodeIgniter\BaseModel->findAll(3)
#7 C:\xampp\htdocs\syifa_hidroponik\app\Controllers\Home.php(32): App\Models\BlogpostModel->getBlogpost3()
#8 C:\xampp\htdocs\syifa_hidroponik\vendor\codeigniter4\framework\system\CodeIgniter.php(873): App\Controllers\Home->index()
#9 C:\xampp\htdocs\syifa_hidroponik\vendor\codeigniter4\framework\system\CodeIgniter.php(408): CodeIgniter\CodeIgniter->runController(Object(App\Controllers\Home))
#10 C:\xampp\htdocs\syifa_hidroponik\vendor\codeigniter4\framework\system\CodeIgniter.php(319): CodeIgniter\CodeIgniter->handleRequest(NULL, Object(Config\Cache), false)
#11 C:\xampp\htdocs\syifa_hidroponik\public\index.php(44): CodeIgniter\CodeIgniter->run()
#12 C:\xampp\htdocs\syifa_hidroponik\vendor\codeigniter4\framework\system\Commands\Server\rewrite.php(45): require_once('C:\\xampp\\htdocs...')
#13 {main}
CRITICAL - 2022-02-10 19:46:46 --> Table 'syifa_hidroponik.blogpost' doesn't exist
#0 C:\xampp\htdocs\syifa_hidroponik\vendor\codeigniter4\framework\system\Database\MySQLi\Connection.php(314): mysqli->query('SELECT *\nFROM `...')
#1 C:\xampp\htdocs\syifa_hidroponik\vendor\codeigniter4\framework\system\Database\BaseConnection.php(715): CodeIgniter\Database\MySQLi\Connection->execute('SELECT *\nFROM `...')
#2 C:\xampp\htdocs\syifa_hidroponik\vendor\codeigniter4\framework\system\Database\BaseConnection.php(643): CodeIgniter\Database\BaseConnection->simpleQuery('SELECT *\nFROM `...')
#3 C:\xampp\htdocs\syifa_hidroponik\vendor\codeigniter4\framework\system\Database\BaseBuilder.php(1866): CodeIgniter\Database\BaseConnection->query('SELECT *\nFROM `...', Array, false)
#4 C:\xampp\htdocs\syifa_hidroponik\vendor\codeigniter4\framework\system\Model.php(213): CodeIgniter\Database\BaseBuilder->get()
#5 C:\xampp\htdocs\syifa_hidroponik\vendor\codeigniter4\framework\system\BaseModel.php(583): CodeIgniter\Model->doFindAll(3, 0)
#6 C:\xampp\htdocs\syifa_hidroponik\app\Models\BlogpostModel.php(23): CodeIgniter\BaseModel->findAll(3)
#7 C:\xampp\htdocs\syifa_hidroponik\app\Controllers\Home.php(32): App\Models\BlogpostModel->getBlogpost3()
#8 C:\xampp\htdocs\syifa_hidroponik\vendor\codeigniter4\framework\system\CodeIgniter.php(873): App\Controllers\Home->index()
#9 C:\xampp\htdocs\syifa_hidroponik\vendor\codeigniter4\framework\system\CodeIgniter.php(408): CodeIgniter\CodeIgniter->runController(Object(App\Controllers\Home))
#10 C:\xampp\htdocs\syifa_hidroponik\vendor\codeigniter4\framework\system\CodeIgniter.php(319): CodeIgniter\CodeIgniter->handleRequest(NULL, Object(Config\Cache), false)
#11 C:\xampp\htdocs\syifa_hidroponik\public\index.php(44): CodeIgniter\CodeIgniter->run()
#12 C:\xampp\htdocs\syifa_hidroponik\vendor\codeigniter4\framework\system\Commands\Server\rewrite.php(45): require_once('C:\\xampp\\htdocs...')
#13 {main}
