ERROR - 2022-02-09 21:00:57 --> mysqli_sql_exception: Unknown column 'package' in 'field list' in C:\xampp\htdocs\syifa_hidroponik\vendor\codeigniter4\framework\system\Database\MySQLi\Connection.php:314
Stack trace:
#0 C:\xampp\htdocs\syifa_hidroponik\vendor\codeigniter4\framework\system\Database\MySQLi\Connection.php(314): mysqli->query('UPDATE `transak...')
#1 C:\xampp\htdocs\syifa_hidroponik\vendor\codeigniter4\framework\system\Database\BaseConnection.php(715): CodeIgniter\Database\MySQLi\Connection->execute('UPDATE `transak...')
#2 C:\xampp\htdocs\syifa_hidroponik\vendor\codeigniter4\framework\system\Database\BaseConnection.php(643): CodeIgniter\Database\BaseConnection->simpleQuery('UPDATE `transak...')
#3 C:\xampp\htdocs\syifa_hidroponik\vendor\codeigniter4\framework\system\Database\BaseBuilder.php(2472): CodeIgniter\Database\BaseConnection->query('UPDATE `transak...', Array, false)
#4 C:\xampp\htdocs\syifa_hidroponik\app\Controllers\Admin.php(412): CodeIgniter\Database\BaseBuilder->update(Array)
#5 C:\xampp\htdocs\syifa_hidroponik\vendor\codeigniter4\framework\system\CodeIgniter.php(873): App\Controllers\Admin->updatepackage('2644')
#6 C:\xampp\htdocs\syifa_hidroponik\vendor\codeigniter4\framework\system\CodeIgniter.php(408): CodeIgniter\CodeIgniter->runController(Object(App\Controllers\Admin))
#7 C:\xampp\htdocs\syifa_hidroponik\vendor\codeigniter4\framework\system\CodeIgniter.php(319): CodeIgniter\CodeIgniter->handleRequest(NULL, Object(Config\Cache), false)
#8 C:\xampp\htdocs\syifa_hidroponik\public\index.php(44): CodeIgniter\CodeIgniter->run()
#9 C:\xampp\htdocs\syifa_hidroponik\vendor\codeigniter4\framework\system\Commands\Server\rewrite.php(45): require_once('C:\\xampp\\htdocs...')
#10 {main}
CRITICAL - 2022-02-09 21:00:57 --> Unknown column 'package' in 'field list'
#0 C:\xampp\htdocs\syifa_hidroponik\vendor\codeigniter4\framework\system\Database\MySQLi\Connection.php(314): mysqli->query('UPDATE `transak...')
#1 C:\xampp\htdocs\syifa_hidroponik\vendor\codeigniter4\framework\system\Database\BaseConnection.php(715): CodeIgniter\Database\MySQLi\Connection->execute('UPDATE `transak...')
#2 C:\xampp\htdocs\syifa_hidroponik\vendor\codeigniter4\framework\system\Database\BaseConnection.php(643): CodeIgniter\Database\BaseConnection->simpleQuery('UPDATE `transak...')
#3 C:\xampp\htdocs\syifa_hidroponik\vendor\codeigniter4\framework\system\Database\BaseBuilder.php(2472): CodeIgniter\Database\BaseConnection->query('UPDATE `transak...', Array, false)
#4 C:\xampp\htdocs\syifa_hidroponik\app\Controllers\Admin.php(412): CodeIgniter\Database\BaseBuilder->update(Array)
#5 C:\xampp\htdocs\syifa_hidroponik\vendor\codeigniter4\framework\system\CodeIgniter.php(873): App\Controllers\Admin->updatepackage('2644')
#6 C:\xampp\htdocs\syifa_hidroponik\vendor\codeigniter4\framework\system\CodeIgniter.php(408): CodeIgniter\CodeIgniter->runController(Object(App\Controllers\Admin))
#7 C:\xampp\htdocs\syifa_hidroponik\vendor\codeigniter4\framework\system\CodeIgniter.php(319): CodeIgniter\CodeIgniter->handleRequest(NULL, Object(Config\Cache), false)
#8 C:\xampp\htdocs\syifa_hidroponik\public\index.php(44): CodeIgniter\CodeIgniter->run()
#9 C:\xampp\htdocs\syifa_hidroponik\vendor\codeigniter4\framework\system\Commands\Server\rewrite.php(45): require_once('C:\\xampp\\htdocs...')
#10 {main}
